Using pre-set license
Built from '2020.3/staging' branch; Version is '2020.3.21f1 (a38c86f6690f) revision 10718342'; Using compiler version '192528614'; Build Type 'Release'
OS: 'Windows 10 Home; OS build 19042.1348; Version 2009; 64bit' Language: 'es' Physical Memory: 8125 MB
BatchMode: 1, IsHumanControllingUs: 0, StartBugReporterOnCrash: 0, Is64bit: 1, IsPro: 0

COMMAND LINE ARGUMENTS:
C:\Program Files\Unity\Hub\Editor\2020.3.21f1\Editor\Unity.exe
-adb2
-batchMode
-noUpm
-name
AssetImportWorker0
-projectPath
C:/Users/lcbam/Desktop/GitHub/ShaderGraph_Course
-logFile
Logs/AssetImportWorker0.log
-srvPort
52127
Successfully changed project path to: C:/Users/lcbam/Desktop/GitHub/ShaderGraph_Course
C:/Users/lcbam/Desktop/GitHub/ShaderGraph_Course
Using Asset Import Pipeline V2.
Refreshing native plugins compatible for Editor in 46.23 ms, found 2 plugins.
Preloading 0 native plugins for Editor in 0.00 ms.
Initialize engine version: 2020.3.21f1 (a38c86f6690f)
[Subsystems] Discovering subsystems at path C:/Program Files/Unity/Hub/Editor/2020.3.21f1/Editor/Data/Resources/UnitySubsystems
[Subsystems] Discovering subsystems at path C:/Users/lcbam/Desktop/GitHub/ShaderGraph_Course/Assets
GfxDevice: creating device client; threaded=0
Direct3D:
    Version:  Direct3D 11.0 [level 11.1]
    Renderer: Radeon RX 570 Series (ID=0x67df)
    Vendor:   
    VRAM:     4075 MB
    Driver:   30.0.13014.8
Initialize mono
Mono path[0] = 'C:/Program Files/Unity/Hub/Editor/2020.3.21f1/Editor/Data/Managed'
Mono path[1] = 'C:/Program Files/Unity/Hub/Editor/2020.3.21f1/Editor/Data/MonoBleedingEdge/lib/mono/unityjit'
Mono config path = 'C:/Program Files/Unity/Hub/Editor/2020.3.21f1/Editor/Data/MonoBleedingEdge/etc'
Using monoOptions --debugger-agent=transport=dt_socket,embedding=1,server=y,suspend=n,address=127.0.0.1:56228
Begin MonoManager ReloadAssembly
Registering precompiled unity dll's ...
Register platform support module: C:/Program Files/Unity/Hub/Editor/2020.3.21f1/Editor/Data/PlaybackEngines/WebGLSupport/UnityEditor.WebGL.Extensions.dll
Register platform support module: C:/Program Files/Unity/Hub/Editor/2020.3.21f1/Editor/Data/PlaybackEngines/WindowsStandaloneSupport/UnityEditor.WindowsStandalone.Extensions.dll
Registered in 0.010433 seconds.
Native extension for WindowsStandalone target not found
Native extension for WebGL target not found
Refreshing native plugins compatible for Editor in 41.41 ms, found 2 plugins.
Preloading 0 native plugins for Editor in 0.00 ms.
Mono: successfully reloaded assembly
- Completed reload, in  3.633 seconds
Domain Reload Profiling:
	ReloadAssembly (3633ms)
		BeginReloadAssembly (84ms)
			ExecutionOrderSort (0ms)
			DisableScriptedObjects (0ms)
			BackupInstance (0ms)
			ReleaseScriptingObjects (0ms)
			CreateAndSetChildDomain (1ms)
		EndReloadAssembly (594ms)
			LoadAssemblies (81ms)
			RebuildTransferFunctionScriptingTraits (0ms)
			SetupTypeCache (201ms)
			ReleaseScriptCaches (0ms)
			RebuildScriptCaches (37ms)
			SetupLoadedEditorAssemblies (221ms)
				LogAssemblyErrors (0ms)
				InitializePlatformSupportModulesInManaged (6ms)
				SetLoadedEditorAssemblies (1ms)
				RefreshPlugins (42ms)
				BeforeProcessingInitializeOnLoad (17ms)
				ProcessInitializeOnLoadAttributes (112ms)
				ProcessInitializeOnLoadMethodAttributes (44ms)
				AfterProcessingInitializeOnLoad (0ms)
				EditorAssembliesLoaded (0ms)
			ExecutionOrderSort2 (0ms)
			AwakeInstancesAfterBackupRestoration (0ms)
Platform modules already initialized, skipping
Registering precompiled user dll's ...
Registered in 0.006607 seconds.
Begin MonoManager ReloadAssembly
Native extension for WindowsStandalone target not found
Native extension for WebGL target not found
Refreshing native plugins compatible for Editor in 0.41 ms, found 2 plugins.
Preloading 0 native plugins for Editor in 0.00 ms.
Mono: successfully reloaded assembly
- Completed reload, in  1.362 seconds
Domain Reload Profiling:
	ReloadAssembly (1363ms)
		BeginReloadAssembly (192ms)
			ExecutionOrderSort (0ms)
			DisableScriptedObjects (6ms)
			BackupInstance (0ms)
			ReleaseScriptingObjects (0ms)
			CreateAndSetChildDomain (23ms)
		EndReloadAssembly (1078ms)
			LoadAssemblies (123ms)
			RebuildTransferFunctionScriptingTraits (0ms)
			SetupTypeCache (371ms)
			ReleaseScriptCaches (1ms)
			RebuildScriptCaches (48ms)
			SetupLoadedEditorAssemblies (403ms)
				LogAssemblyErrors (0ms)
				InitializePlatformSupportModulesInManaged (8ms)
				SetLoadedEditorAssemblies (0ms)
				RefreshPlugins (1ms)
				BeforeProcessingInitializeOnLoad (119ms)
				ProcessInitializeOnLoadAttributes (251ms)
				ProcessInitializeOnLoadMethodAttributes (13ms)
				AfterProcessingInitializeOnLoad (10ms)
				EditorAssembliesLoaded (1ms)
			ExecutionOrderSort2 (0ms)
			AwakeInstancesAfterBackupRestoration (12ms)
Platform modules already initialized, skipping
========================================================================
Worker process is ready to serve import requests
Launched and connected shader compiler UnityShaderCompiler.exe after 0.09 seconds
Refreshing native plugins compatible for Editor in 0.42 ms, found 2 plugins.
Preloading 0 native plugins for Editor in 0.00 ms.
Unloading 1489 Unused Serialized files (Serialized files now loaded: 0)
System memory in use before: 68.0 MB.
System memory in use after: 68.1 MB.

Unloading 19 unused Assets to reduce memory usage. Loaded Objects now: 1922.
Total: 3.633900 ms (FindLiveObjects: 0.188600 ms CreateObjectMapping: 0.039500 ms MarkObjects: 3.278700 ms  DeleteObjects: 0.125100 ms)

AssetImportParameters requested are different than current active one (requested -> active):
  custom:framework-win-MediaFoundation: 216162199b28c13a410421893ffa2e32 -> 
  custom:video-decoder-ogg-theora: a1e56fd34408186e4bbccfd4996cb3dc -> 
  custom:container-muxer-webm: aa71ff27fc2769a1b78a27578f13a17b -> 
  custom:container-demuxer-webm: 4f35f7cbe854078d1ac9338744f61a02 -> 
  custom:container-demuxer-ogg: 62fdf1f143b41e24485cea50d1cbac27 -> 
  custom:video-encoder-webm-vp8: eb34c28f22e8b96e1ab97ce403110664 -> 
  custom:video-decoder-webm-vp8: 9c59270c3fd7afecdb556c50c9e8de78 -> 
  custom:audio-decoder-ogg-vorbis: bf7c407c2cedff20999df2af8eb42d56 -> 
  custom:audio-encoder-webm-vorbis: bf7c407c2cedff20999df2af8eb42d56 -> 
========================================================================
Received Import Request.
  path: Assets/Prefabs/zbunny.unitypackage/zbunny.unitypackage
  artifactKey: Guid(d582fdd0ef4fc3946b2c1fcc58daaf16) Importer(815301076,1909f56bfc062723c751e8b465ee728b)
Start importing Assets/Prefabs/zbunny.unitypackage/zbunny.unitypackage using Guid(d582fdd0ef4fc3946b2c1fcc58daaf16) Importer(815301076,1909f56bfc062723c751e8b465ee728b)  -> (artifact id: 'c19c4f0d17156cbcbf3245ccac2599ff') in 0.043994 seconds 
  Import took 0.046858 seconds .

========================================================================
Received Import Request.
  Time since last request: 12.064789 seconds.
  path: Assets/HelloShader.mat
  artifactKey: Guid(ba0158cb3e90b40a998507011a60bad6) Importer(815301076,1909f56bfc062723c751e8b465ee728b)
Start importing Assets/HelloShader.mat using Guid(ba0158cb3e90b40a998507011a60bad6) Importer(815301076,1909f56bfc062723c751e8b465ee728b)  -> (artifact id: '049b895c5817201e74bda17908094097') in 0.391687 seconds 
  Import took 0.395481 seconds .

========================================================================
Received Import Request.
  Time since last request: 0.000274 seconds.
  path: Assets/Zombunny.prefab
  artifactKey: Guid(09df32d15510946c1bd4325af6219685) Importer(815301076,1909f56bfc062723c751e8b465ee728b)
Start importing Assets/Zombunny.prefab using Guid(09df32d15510946c1bd4325af6219685) Importer(815301076,1909f56bfc062723c751e8b465ee728b)  -> (artifact id: '160d7f3ab2ab82e8e4aca43e36dd9b6e') in 0.048766 seconds 
  Import took 0.052428 seconds .

========================================================================
Received Import Request.
  Time since last request: 0.000214 seconds.
  path: Assets/Zombunny.fbx
  artifactKey: Guid(8d5d219e0922649ebad407ab0e56b446) Importer(815301076,1909f56bfc062723c751e8b465ee728b)
Start importing Assets/Zombunny.fbx using Guid(8d5d219e0922649ebad407ab0e56b446) Importer(815301076,1909f56bfc062723c751e8b465ee728b)  -> (artifact id: '0f62bf4b09a4c7bce2a9b95b86191d89') in 0.065515 seconds 
  Import took 0.068897 seconds .

========================================================================
Received Import Request.
  Time since last request: 6.598786 seconds.
  path: Assets/Prefabs/zbunny.unitypackage
  artifactKey: Guid(cceb661994bc1334c833f1067cc96c3c) Importer(815301076,1909f56bfc062723c751e8b465ee728b)
Start importing Assets/Prefabs/zbunny.unitypackage using Guid(cceb661994bc1334c833f1067cc96c3c) Importer(815301076,1909f56bfc062723c751e8b465ee728b)  -> (artifact id: '983bc1170d87505adc3a15451ed7f29f') in 0.012265 seconds 
  Import took 0.017989 seconds .

========================================================================
Received Import Request.
  Time since last request: 7.001010 seconds.
  path: Assets/Materials/lambert2.mat
  artifactKey: Guid(a4fc0b0ffd99fb541afcfd24f06726e6) Importer(815301076,1909f56bfc062723c751e8b465ee728b)
Start importing Assets/Materials/lambert2.mat using Guid(a4fc0b0ffd99fb541afcfd24f06726e6) Importer(815301076,1909f56bfc062723c751e8b465ee728b)  -> (artifact id: '61b4255df548dbcfb88733312f32574a') in 0.020133 seconds 
  Import took 0.024236 seconds .

========================================================================
Received Import Request.
  Time since last request: 3.205144 seconds.
  path: Assets/Shaders/MyFirstShader.shader
  artifactKey: Guid(2c4fa7fa3f98f1743af17eaf984e34a4) Importer(815301076,1909f56bfc062723c751e8b465ee728b)
Start importing Assets/Shaders/MyFirstShader.shader using Guid(2c4fa7fa3f98f1743af17eaf984e34a4) Importer(815301076,1909f56bfc062723c751e8b465ee728b)  -> (artifact id: 'c2b10a6f9e0f4b50438dbb5175c7eb22') in 0.010784 seconds 
  Import took 0.013946 seconds .

========================================================================
Received Import Request.
  Time since last request: 88.186440 seconds.
  path: Assets/Shaders/New Material.mat
  artifactKey: Guid(31a1536839cb6e542ac0a23c3bd0cb28) Importer(815301076,1909f56bfc062723c751e8b465ee728b)
Start importing Assets/Shaders/New Material.mat using Guid(31a1536839cb6e542ac0a23c3bd0cb28) Importer(815301076,1909f56bfc062723c751e8b465ee728b)  -> (artifact id: '0eb733789646fe055eb0cfcfcc777d46') in 0.032947 seconds 
  Import took 0.036732 seconds .

========================================================================
Received Import Request.
  Time since last request: 7.944477 seconds.
  path: Assets/Shaders/Challenge.shader
  artifactKey: Guid(61e1503cc7bd7bd40acb3bb9e1cf152a) Importer(815301076,1909f56bfc062723c751e8b465ee728b)
Start importing Assets/Shaders/Challenge.shader using Guid(61e1503cc7bd7bd40acb3bb9e1cf152a) Importer(815301076,1909f56bfc062723c751e8b465ee728b)  -> (artifact id: '8eaab61ae8689212a20f054dc9e8a6a3') in 0.021094 seconds 
  Import took 0.024577 seconds .

========================================================================
Received Import Request.
  Time since last request: 168.749558 seconds.
  path: Assets/Shaders/MyFirstShaderChallenge.shader.zip
  artifactKey: Guid(443e9a224d35e974b9cf28c37d5446c7) Importer(815301076,1909f56bfc062723c751e8b465ee728b)
Start importing Assets/Shaders/MyFirstShaderChallenge.shader.zip using Guid(443e9a224d35e974b9cf28c37d5446c7) Importer(815301076,1909f56bfc062723c751e8b465ee728b)  -> (artifact id: 'fc1429d7677ee74ba722e1f59d1fa001') in 0.020015 seconds 
  Import took 0.024446 seconds .

========================================================================
Received Import Request.
  Time since last request: 12.920889 seconds.
  path: Assets/Shaders/__MACOSX
  artifactKey: Guid(a9a3402cd86afc94fa40b9034fd5da2b) Importer(815301076,1909f56bfc062723c751e8b465ee728b)
Start importing Assets/Shaders/__MACOSX using Guid(a9a3402cd86afc94fa40b9034fd5da2b) Importer(815301076,1909f56bfc062723c751e8b465ee728b)  -> (artifact id: '1c39a6ac392dee1847bda8f1a030e64f') in 0.011096 seconds 
  Import took 0.015555 seconds .

========================================================================
Received Import Request.
  Time since last request: 23.869182 seconds.
  path: Assets/Shaders/MyFirstShaderChallenge.shader
  artifactKey: Guid(a23e07a6892344748af00bc4b097b34e) Importer(815301076,1909f56bfc062723c751e8b465ee728b)
Start importing Assets/Shaders/MyFirstShaderChallenge.shader using Guid(a23e07a6892344748af00bc4b097b34e) Importer(815301076,1909f56bfc062723c751e8b465ee728b)  -> (artifact id: 'b54bbfb89c9578e241acc34bc13b462f') in 0.016608 seconds 
  Import took 0.021295 seconds .

AssetImportWorkerClient::OnTransportError - code=2 error=End of file
